2023-08-01 23:56:07,861 INFO    StreamThr :22253 [internal.py:wandb_internal():86] W&B internal server running at pid: 22253, started at: 2023-08-01 23:56:07.861196
2023-08-01 23:56:07,864 DEBUG   HandlerThread:22253 [handler.py:handle_request():144] handle_request: status
2023-08-01 23:56:07,867 INFO    WriterThread:22253 [datastore.py:open_for_write():85] open: /home/subhash/pytorch/wandb/run-20230801_235607-a175hpxc/run-a175hpxc.wandb
2023-08-01 23:56:07,867 DEBUG   SenderThread:22253 [sender.py:send():379] send: header
2023-08-01 23:56:07,897 DEBUG   SenderThread:22253 [sender.py:send():379] send: run
2023-08-01 23:56:09,185 INFO    SenderThread:22253 [dir_watcher.py:__init__():211] watching files in: /home/subhash/pytorch/wandb/run-20230801_235607-a175hpxc/files
2023-08-01 23:56:09,185 INFO    SenderThread:22253 [sender.py:_start_run_threads():1122] run started: a175hpxc with start time 1690914367.86145
2023-08-01 23:56:09,185 DEBUG   SenderThread:22253 [sender.py:send_request():406] send_request: summary_record
2023-08-01 23:56:09,185 INFO    SenderThread:22253 [sender.py:_save_file():1376] saving file wandb-summary.json with policy end
2023-08-01 23:56:09,194 DEBUG   HandlerThread:22253 [handler.py:handle_request():144] handle_request: check_version
2023-08-01 23:56:09,194 DEBUG   SenderThread:22253 [sender.py:send_request():406] send_request: check_version
2023-08-01 23:56:09,650 DEBUG   HandlerThread:22253 [handler.py:handle_request():144] handle_request: run_start
2023-08-01 23:56:09,651 DEBUG   HandlerThread:22253 [system_info.py:__init__():31] System info init
2023-08-01 23:56:09,651 DEBUG   HandlerThread:22253 [system_info.py:__init__():46] System info init done
2023-08-01 23:56:09,651 INFO    HandlerThread:22253 [system_monitor.py:start():181] Starting system monitor
2023-08-01 23:56:09,651 INFO    SystemMonitor:22253 [system_monitor.py:_start():145] Starting system asset monitoring threads
2023-08-01 23:56:09,652 INFO    HandlerThread:22253 [system_monitor.py:probe():201] Collecting system info
2023-08-01 23:56:09,652 INFO    SystemMonitor:22253 [interfaces.py:start():190] Started cpu monitoring
2023-08-01 23:56:09,653 INFO    SystemMonitor:22253 [interfaces.py:start():190] Started disk monitoring
2023-08-01 23:56:09,653 INFO    SystemMonitor:22253 [interfaces.py:start():190] Started memory monitoring
2023-08-01 23:56:09,654 INFO    SystemMonitor:22253 [interfaces.py:start():190] Started network monitoring
2023-08-01 23:56:09,693 DEBUG   HandlerThread:22253 [system_info.py:probe():195] Probing system
2023-08-01 23:56:09,700 DEBUG   HandlerThread:22253 [system_info.py:_probe_git():180] Probing git
2023-08-01 23:56:09,714 DEBUG   HandlerThread:22253 [system_info.py:_probe_git():188] Probing git done
2023-08-01 23:56:09,714 DEBUG   HandlerThread:22253 [system_info.py:probe():240] Probing system done
2023-08-01 23:56:09,714 DEBUG   HandlerThread:22253 [system_monitor.py:probe():210] {'os': 'Linux-5.15.0-75-generic-x86_64-with-glibc2.29', 'python': '3.8.10', 'heartbeatAt': '2023-08-01T18:26:09.693600', 'startedAt': '2023-08-01T18:26:07.855338', 'docker': None, 'cuda': None, 'args': (), 'state': 'running', 'program': '<python with no main file>', 'git': {'remote': 'git@github.com:subhash137/pytorch.git', 'commit': '8ae8de9f37752a73ebee505c1b594b235e5ac755'}, 'email': 'subhash6300101199@gmail.com', 'root': '/home/subhash/pytorch', 'host': 'ubuntu1', 'username': 'subhash', 'executable': '/bin/python3', 'cpu_count': 4, 'cpu_count_logical': 8, 'cpu_freq': {'current': 2394.035875, 'min': 400.0, 'max': 4200.0}, 'cpu_freq_per_core': [{'current': 2066.236, 'min': 400.0, 'max': 4200.0}, {'current': 2461.332, 'min': 400.0, 'max': 4200.0}, {'current': 2764.767, 'min': 400.0, 'max': 4200.0}, {'current': 2332.471, 'min': 400.0, 'max': 4200.0}, {'current': 2662.27, 'min': 400.0, 'max': 4200.0}, {'current': 2291.84, 'min': 400.0, 'max': 4200.0}, {'current': 2538.623, 'min': 400.0, 'max': 4200.0}, {'current': 2254.71, 'min': 400.0, 'max': 4200.0}], 'disk': {'total': 76.8539810180664, 'used': 63.8621826171875}, 'memory': {'total': 15.385684967041016}}
2023-08-01 23:56:09,714 INFO    HandlerThread:22253 [system_monitor.py:probe():211] Finished collecting system info
2023-08-01 23:56:09,714 INFO    HandlerThread:22253 [system_monitor.py:probe():214] Publishing system info
2023-08-01 23:56:09,714 DEBUG   HandlerThread:22253 [system_info.py:_save_pip():51] Saving list of pip packages installed into the current environment
2023-08-01 23:56:09,715 DEBUG   HandlerThread:22253 [system_info.py:_save_pip():67] Saving pip packages done
2023-08-01 23:56:09,716 INFO    HandlerThread:22253 [system_monitor.py:probe():216] Finished publishing system info
2023-08-01 23:56:09,721 DEBUG   SenderThread:22253 [sender.py:send():379] send: files
2023-08-01 23:56:09,721 INFO    SenderThread:22253 [sender.py:_save_file():1376] saving file wandb-metadata.json with policy now
2023-08-01 23:56:09,735 DEBUG   HandlerThread:22253 [handler.py:handle_request():144] handle_request: stop_status
2023-08-01 23:56:09,738 DEBUG   HandlerThread:22253 [handler.py:handle_request():144] handle_request: pause
2023-08-01 23:56:09,738 DEBUG   SenderThread:22253 [sender.py:send_request():406] send_request: stop_status
2023-08-01 23:56:09,738 INFO    HandlerThread:22253 [handler.py:handle_request_pause():728] stopping system metrics thread or process
2023-08-01 23:56:09,740 INFO    HandlerThread:22253 [system_monitor.py:finish():190] Stopping system monitor
2023-08-01 23:56:09,741 DEBUG   SystemMonitor:22253 [system_monitor.py:_start():159] Starting system metrics aggregation loop
2023-08-01 23:56:09,741 DEBUG   SystemMonitor:22253 [system_monitor.py:_start():166] Finished system metrics aggregation loop
2023-08-01 23:56:09,741 DEBUG   SystemMonitor:22253 [system_monitor.py:_start():170] Publishing last batch of metrics
2023-08-01 23:56:09,742 INFO    HandlerThread:22253 [interfaces.py:finish():202] Joined cpu monitor
2023-08-01 23:56:09,742 INFO    HandlerThread:22253 [interfaces.py:finish():202] Joined disk monitor
2023-08-01 23:56:09,742 INFO    HandlerThread:22253 [interfaces.py:finish():202] Joined memory monitor
2023-08-01 23:56:09,742 INFO    HandlerThread:22253 [interfaces.py:finish():202] Joined network monitor
2023-08-01 23:56:09,816 DEBUG   HandlerThread:22253 [handler.py:handle_request():144] handle_request: resume
2023-08-01 23:56:09,816 INFO    HandlerThread:22253 [handler.py:handle_request_resume():719] starting system metrics thread or process
2023-08-01 23:56:09,816 INFO    HandlerThread:22253 [system_monitor.py:start():181] Starting system monitor
2023-08-01 23:56:09,816 INFO    SystemMonitor:22253 [system_monitor.py:_start():145] Starting system asset monitoring threads
2023-08-01 23:56:09,817 INFO    SystemMonitor:22253 [interfaces.py:start():190] Started cpu monitoring
2023-08-01 23:56:09,817 INFO    SystemMonitor:22253 [interfaces.py:start():190] Started disk monitoring
2023-08-01 23:56:09,818 INFO    SystemMonitor:22253 [interfaces.py:start():190] Started memory monitoring
2023-08-01 23:56:09,818 INFO    SystemMonitor:22253 [interfaces.py:start():190] Started network monitoring
2023-08-01 23:56:09,820 DEBUG   HandlerThread:22253 [handler.py:handle_request():144] handle_request: pause
2023-08-01 23:56:09,820 INFO    HandlerThread:22253 [handler.py:handle_request_pause():728] stopping system metrics thread or process
2023-08-01 23:56:09,820 INFO    HandlerThread:22253 [system_monitor.py:finish():190] Stopping system monitor
2023-08-01 23:56:09,820 INFO    HandlerThread:22253 [interfaces.py:finish():202] Joined cpu monitor
2023-08-01 23:56:09,820 DEBUG   SystemMonitor:22253 [system_monitor.py:_start():159] Starting system metrics aggregation loop
2023-08-01 23:56:09,821 INFO    HandlerThread:22253 [interfaces.py:finish():202] Joined disk monitor
2023-08-01 23:56:09,821 DEBUG   SystemMonitor:22253 [system_monitor.py:_start():166] Finished system metrics aggregation loop
2023-08-01 23:56:09,821 INFO    HandlerThread:22253 [interfaces.py:finish():202] Joined memory monitor
2023-08-01 23:56:09,821 DEBUG   SystemMonitor:22253 [system_monitor.py:_start():170] Publishing last batch of metrics
2023-08-01 23:56:09,821 INFO    HandlerThread:22253 [interfaces.py:finish():202] Joined network monitor
2023-08-01 23:56:09,901 DEBUG   HandlerThread:22253 [handler.py:handle_request():144] handle_request: resume
2023-08-01 23:56:09,901 INFO    HandlerThread:22253 [handler.py:handle_request_resume():719] starting system metrics thread or process
2023-08-01 23:56:09,901 INFO    HandlerThread:22253 [system_monitor.py:start():181] Starting system monitor
2023-08-01 23:56:09,901 INFO    SystemMonitor:22253 [system_monitor.py:_start():145] Starting system asset monitoring threads
2023-08-01 23:56:09,902 INFO    SystemMonitor:22253 [interfaces.py:start():190] Started cpu monitoring
2023-08-01 23:56:09,902 INFO    SystemMonitor:22253 [interfaces.py:start():190] Started disk monitoring
2023-08-01 23:56:09,902 INFO    SystemMonitor:22253 [interfaces.py:start():190] Started memory monitoring
2023-08-01 23:56:09,903 INFO    SystemMonitor:22253 [interfaces.py:start():190] Started network monitoring
2023-08-01 23:56:09,938 DEBUG   HandlerThread:22253 [handler.py:handle_request():144] handle_request: pause
2023-08-01 23:56:09,938 INFO    HandlerThread:22253 [handler.py:handle_request_pause():728] stopping system metrics thread or process
2023-08-01 23:56:09,939 INFO    HandlerThread:22253 [system_monitor.py:finish():190] Stopping system monitor
2023-08-01 23:56:09,939 INFO    HandlerThread:22253 [interfaces.py:finish():202] Joined cpu monitor
2023-08-01 23:56:09,939 INFO    HandlerThread:22253 [interfaces.py:finish():202] Joined disk monitor
2023-08-01 23:56:09,943 DEBUG   SystemMonitor:22253 [system_monitor.py:_start():159] Starting system metrics aggregation loop
2023-08-01 23:56:09,944 DEBUG   SystemMonitor:22253 [system_monitor.py:_start():166] Finished system metrics aggregation loop
2023-08-01 23:56:09,944 DEBUG   SystemMonitor:22253 [system_monitor.py:_start():170] Publishing last batch of metrics
2023-08-01 23:56:09,945 INFO    HandlerThread:22253 [interfaces.py:finish():202] Joined memory monitor
2023-08-01 23:56:09,945 INFO    HandlerThread:22253 [interfaces.py:finish():202] Joined network monitor
2023-08-01 23:56:10,187 INFO    Thread-12 :22253 [dir_watcher.py:_on_file_created():272] file/dir created: /home/subhash/pytorch/wandb/run-20230801_235607-a175hpxc/files/wandb-summary.json
2023-08-01 23:56:10,188 INFO    Thread-12 :22253 [dir_watcher.py:_on_file_created():272] file/dir created: /home/subhash/pytorch/wandb/run-20230801_235607-a175hpxc/files/requirements.txt
2023-08-01 23:56:10,188 INFO    Thread-12 :22253 [dir_watcher.py:_on_file_created():272] file/dir created: /home/subhash/pytorch/wandb/run-20230801_235607-a175hpxc/files/wandb-metadata.json
2023-08-01 23:56:10,664 DEBUG   SenderThread:22253 [sender.py:send():379] send: telemetry
2023-08-01 23:56:10,664 DEBUG   SenderThread:22253 [sender.py:send():379] send: stats
2023-08-01 23:56:10,665 DEBUG   SenderThread:22253 [sender.py:send():379] send: stats
2023-08-01 23:56:10,665 DEBUG   SenderThread:22253 [sender.py:send():379] send: stats
2023-08-01 23:56:11,229 INFO    wandb-upload_0:22253 [upload_job.py:push():131] Uploaded file /tmp/tmpb32spcadwandb/9di0ck1b-wandb-metadata.json
2023-08-01 23:56:13,666 DEBUG   HandlerThread:22253 [handler.py:handle_request():144] handle_request: status_report
2023-08-01 23:56:18,668 DEBUG   HandlerThread:22253 [handler.py:handle_request():144] handle_request: status_report
2023-08-01 23:56:23,668 DEBUG   HandlerThread:22253 [handler.py:handle_request():144] handle_request: status_report
2023-08-01 23:56:24,735 DEBUG   HandlerThread:22253 [handler.py:handle_request():144] handle_request: stop_status
2023-08-01 23:56:24,736 DEBUG   SenderThread:22253 [sender.py:send_request():406] send_request: stop_status
2023-08-01 23:56:27,167 DEBUG   HandlerThread:22253 [handler.py:handle_request():144] handle_request: resume
2023-08-01 23:56:27,167 INFO    HandlerThread:22253 [handler.py:handle_request_resume():719] starting system metrics thread or process
2023-08-01 23:56:27,167 INFO    HandlerThread:22253 [system_monitor.py:start():181] Starting system monitor
2023-08-01 23:56:27,167 INFO    SystemMonitor:22253 [system_monitor.py:_start():145] Starting system asset monitoring threads
2023-08-01 23:56:27,167 INFO    SystemMonitor:22253 [interfaces.py:start():190] Started cpu monitoring
2023-08-01 23:56:27,168 INFO    SystemMonitor:22253 [interfaces.py:start():190] Started disk monitoring
2023-08-01 23:56:27,168 INFO    SystemMonitor:22253 [interfaces.py:start():190] Started memory monitoring
2023-08-01 23:56:27,169 INFO    SystemMonitor:22253 [interfaces.py:start():190] Started network monitoring
2023-08-01 23:56:27,169 DEBUG   HandlerThread:22253 [handler.py:handle_request():144] handle_request: pause
2023-08-01 23:56:27,169 INFO    HandlerThread:22253 [handler.py:handle_request_pause():728] stopping system metrics thread or process
2023-08-01 23:56:27,170 INFO    HandlerThread:22253 [system_monitor.py:finish():190] Stopping system monitor
2023-08-01 23:56:27,170 INFO    HandlerThread:22253 [interfaces.py:finish():202] Joined cpu monitor
2023-08-01 23:56:27,170 DEBUG   SystemMonitor:22253 [system_monitor.py:_start():159] Starting system metrics aggregation loop
2023-08-01 23:56:27,170 INFO    HandlerThread:22253 [interfaces.py:finish():202] Joined disk monitor
2023-08-01 23:56:27,170 DEBUG   SystemMonitor:22253 [system_monitor.py:_start():166] Finished system metrics aggregation loop
2023-08-01 23:56:27,170 INFO    HandlerThread:22253 [interfaces.py:finish():202] Joined memory monitor
2023-08-01 23:56:27,170 DEBUG   SystemMonitor:22253 [system_monitor.py:_start():170] Publishing last batch of metrics
2023-08-01 23:56:27,171 INFO    HandlerThread:22253 [interfaces.py:finish():202] Joined network monitor
2023-08-01 23:56:27,171 DEBUG   SenderThread:22253 [sender.py:send():379] send: stats
2023-08-01 23:56:29,172 DEBUG   HandlerThread:22253 [handler.py:handle_request():144] handle_request: status_report
2023-08-01 23:56:29,621 DEBUG   HandlerThread:22253 [handler.py:handle_request():144] handle_request: resume
2023-08-01 23:56:29,621 INFO    HandlerThread:22253 [handler.py:handle_request_resume():719] starting system metrics thread or process
2023-08-01 23:56:29,621 INFO    HandlerThread:22253 [system_monitor.py:start():181] Starting system monitor
2023-08-01 23:56:29,621 INFO    SystemMonitor:22253 [system_monitor.py:_start():145] Starting system asset monitoring threads
2023-08-01 23:56:29,622 INFO    SystemMonitor:22253 [interfaces.py:start():190] Started cpu monitoring
2023-08-01 23:56:29,622 INFO    SystemMonitor:22253 [interfaces.py:start():190] Started disk monitoring
2023-08-01 23:56:29,622 INFO    SystemMonitor:22253 [interfaces.py:start():190] Started memory monitoring
2023-08-01 23:56:29,623 INFO    SystemMonitor:22253 [interfaces.py:start():190] Started network monitoring
2023-08-01 23:56:29,644 DEBUG   HandlerThread:22253 [handler.py:handle_request():144] handle_request: pause
2023-08-01 23:56:29,644 INFO    HandlerThread:22253 [handler.py:handle_request_pause():728] stopping system metrics thread or process
2023-08-01 23:56:29,644 INFO    HandlerThread:22253 [system_monitor.py:finish():190] Stopping system monitor
2023-08-01 23:56:29,644 DEBUG   SystemMonitor:22253 [system_monitor.py:_start():159] Starting system metrics aggregation loop
2023-08-01 23:56:29,644 DEBUG   SystemMonitor:22253 [system_monitor.py:_start():166] Finished system metrics aggregation loop
2023-08-01 23:56:29,644 DEBUG   SystemMonitor:22253 [system_monitor.py:_start():170] Publishing last batch of metrics
2023-08-01 23:56:29,645 INFO    HandlerThread:22253 [interfaces.py:finish():202] Joined cpu monitor
2023-08-01 23:56:29,645 INFO    HandlerThread:22253 [interfaces.py:finish():202] Joined disk monitor
2023-08-01 23:56:29,645 INFO    HandlerThread:22253 [interfaces.py:finish():202] Joined memory monitor
2023-08-01 23:56:29,645 INFO    HandlerThread:22253 [interfaces.py:finish():202] Joined network monitor
2023-08-01 23:56:29,646 DEBUG   SenderThread:22253 [sender.py:send():379] send: stats
2023-08-01 23:56:34,647 DEBUG   HandlerThread:22253 [handler.py:handle_request():144] handle_request: status_report
2023-08-01 23:56:36,186 DEBUG   HandlerThread:22253 [handler.py:handle_request():144] handle_request: resume
2023-08-01 23:56:36,186 INFO    HandlerThread:22253 [handler.py:handle_request_resume():719] starting system metrics thread or process
2023-08-01 23:56:36,186 INFO    HandlerThread:22253 [system_monitor.py:start():181] Starting system monitor
2023-08-01 23:56:36,186 INFO    SystemMonitor:22253 [system_monitor.py:_start():145] Starting system asset monitoring threads
2023-08-01 23:56:36,187 INFO    SystemMonitor:22253 [interfaces.py:start():190] Started cpu monitoring
2023-08-01 23:56:36,187 INFO    SystemMonitor:22253 [interfaces.py:start():190] Started disk monitoring
2023-08-01 23:56:36,188 INFO    SystemMonitor:22253 [interfaces.py:start():190] Started memory monitoring
2023-08-01 23:56:36,189 INFO    SystemMonitor:22253 [interfaces.py:start():190] Started network monitoring
2023-08-01 23:56:36,189 DEBUG   HandlerThread:22253 [handler.py:handle_request():144] handle_request: pause
2023-08-01 23:56:36,190 INFO    HandlerThread:22253 [handler.py:handle_request_pause():728] stopping system metrics thread or process
2023-08-01 23:56:36,190 INFO    HandlerThread:22253 [system_monitor.py:finish():190] Stopping system monitor
2023-08-01 23:56:36,190 INFO    HandlerThread:22253 [interfaces.py:finish():202] Joined cpu monitor
2023-08-01 23:56:36,190 DEBUG   SystemMonitor:22253 [system_monitor.py:_start():159] Starting system metrics aggregation loop
2023-08-01 23:56:36,190 INFO    HandlerThread:22253 [interfaces.py:finish():202] Joined disk monitor
2023-08-01 23:56:36,190 DEBUG   SystemMonitor:22253 [system_monitor.py:_start():166] Finished system metrics aggregation loop
2023-08-01 23:56:36,190 INFO    HandlerThread:22253 [interfaces.py:finish():202] Joined memory monitor
2023-08-01 23:56:36,190 DEBUG   SystemMonitor:22253 [system_monitor.py:_start():170] Publishing last batch of metrics
2023-08-01 23:56:36,191 INFO    HandlerThread:22253 [interfaces.py:finish():202] Joined network monitor
2023-08-01 23:56:36,191 DEBUG   SenderThread:22253 [sender.py:send():379] send: stats
2023-08-01 23:56:38,348 DEBUG   HandlerThread:22253 [handler.py:handle_request():144] handle_request: resume
2023-08-01 23:56:38,348 INFO    HandlerThread:22253 [handler.py:handle_request_resume():719] starting system metrics thread or process
2023-08-01 23:56:38,348 INFO    HandlerThread:22253 [system_monitor.py:start():181] Starting system monitor
2023-08-01 23:56:38,348 INFO    SystemMonitor:22253 [system_monitor.py:_start():145] Starting system asset monitoring threads
2023-08-01 23:56:38,349 INFO    SystemMonitor:22253 [interfaces.py:start():190] Started cpu monitoring
2023-08-01 23:56:38,349 INFO    SystemMonitor:22253 [interfaces.py:start():190] Started disk monitoring
2023-08-01 23:56:38,350 INFO    SystemMonitor:22253 [interfaces.py:start():190] Started memory monitoring
2023-08-01 23:56:38,350 INFO    SystemMonitor:22253 [interfaces.py:start():190] Started network monitoring
2023-08-01 23:56:38,366 DEBUG   HandlerThread:22253 [handler.py:handle_request():144] handle_request: pause
2023-08-01 23:56:38,367 INFO    HandlerThread:22253 [handler.py:handle_request_pause():728] stopping system metrics thread or process
2023-08-01 23:56:38,367 INFO    HandlerThread:22253 [system_monitor.py:finish():190] Stopping system monitor
2023-08-01 23:56:38,367 DEBUG   SystemMonitor:22253 [system_monitor.py:_start():159] Starting system metrics aggregation loop
2023-08-01 23:56:38,367 DEBUG   SystemMonitor:22253 [system_monitor.py:_start():166] Finished system metrics aggregation loop
2023-08-01 23:56:38,367 INFO    HandlerThread:22253 [interfaces.py:finish():202] Joined cpu monitor
2023-08-01 23:56:38,367 DEBUG   SystemMonitor:22253 [system_monitor.py:_start():170] Publishing last batch of metrics
2023-08-01 23:56:38,367 INFO    HandlerThread:22253 [interfaces.py:finish():202] Joined disk monitor
2023-08-01 23:56:38,368 INFO    HandlerThread:22253 [interfaces.py:finish():202] Joined memory monitor
2023-08-01 23:56:38,368 INFO    HandlerThread:22253 [interfaces.py:finish():202] Joined network monitor
2023-08-01 23:56:38,369 DEBUG   SenderThread:22253 [sender.py:send():379] send: stats
2023-08-01 23:56:39,735 DEBUG   HandlerThread:22253 [handler.py:handle_request():144] handle_request: stop_status
2023-08-01 23:56:39,736 DEBUG   SenderThread:22253 [sender.py:send_request():406] send_request: stop_status
2023-08-01 23:56:40,172 DEBUG   HandlerThread:22253 [handler.py:handle_request():144] handle_request: status_report
2023-08-01 23:56:41,198 INFO    Thread-12 :22253 [dir_watcher.py:_on_file_modified():289] file/dir modified: /home/subhash/pytorch/wandb/run-20230801_235607-a175hpxc/files/config.yaml
2023-08-01 23:56:42,261 DEBUG   HandlerThread:22253 [handler.py:handle_request():144] handle_request: resume
2023-08-01 23:56:42,261 INFO    HandlerThread:22253 [handler.py:handle_request_resume():719] starting system metrics thread or process
2023-08-01 23:56:42,261 INFO    HandlerThread:22253 [system_monitor.py:start():181] Starting system monitor
2023-08-01 23:56:42,261 INFO    SystemMonitor:22253 [system_monitor.py:_start():145] Starting system asset monitoring threads
2023-08-01 23:56:42,262 INFO    SystemMonitor:22253 [interfaces.py:start():190] Started cpu monitoring
2023-08-01 23:56:42,262 INFO    SystemMonitor:22253 [interfaces.py:start():190] Started disk monitoring
2023-08-01 23:56:42,263 INFO    SystemMonitor:22253 [interfaces.py:start():190] Started memory monitoring
2023-08-01 23:56:42,264 INFO    SystemMonitor:22253 [interfaces.py:start():190] Started network monitoring
2023-08-01 23:56:42,297 DEBUG   HandlerThread:22253 [handler.py:handle_request():144] handle_request: pause
2023-08-01 23:56:42,297 INFO    HandlerThread:22253 [handler.py:handle_request_pause():728] stopping system metrics thread or process
2023-08-01 23:56:42,297 INFO    HandlerThread:22253 [system_monitor.py:finish():190] Stopping system monitor
2023-08-01 23:56:42,297 DEBUG   SystemMonitor:22253 [system_monitor.py:_start():159] Starting system metrics aggregation loop
2023-08-01 23:56:42,297 INFO    HandlerThread:22253 [interfaces.py:finish():202] Joined cpu monitor
2023-08-01 23:56:42,297 DEBUG   SystemMonitor:22253 [system_monitor.py:_start():166] Finished system metrics aggregation loop
2023-08-01 23:56:42,297 INFO    HandlerThread:22253 [interfaces.py:finish():202] Joined disk monitor
2023-08-01 23:56:42,298 DEBUG   SystemMonitor:22253 [system_monitor.py:_start():170] Publishing last batch of metrics
2023-08-01 23:56:42,298 INFO    HandlerThread:22253 [interfaces.py:finish():202] Joined memory monitor
2023-08-01 23:56:42,298 INFO    HandlerThread:22253 [interfaces.py:finish():202] Joined network monitor
2023-08-01 23:56:42,299 DEBUG   SenderThread:22253 [sender.py:send():379] send: stats
2023-08-01 23:56:46,128 DEBUG   HandlerThread:22253 [handler.py:handle_request():144] handle_request: resume
2023-08-01 23:56:46,128 INFO    HandlerThread:22253 [handler.py:handle_request_resume():719] starting system metrics thread or process
2023-08-01 23:56:46,128 INFO    HandlerThread:22253 [system_monitor.py:start():181] Starting system monitor
2023-08-01 23:56:46,128 INFO    SystemMonitor:22253 [system_monitor.py:_start():145] Starting system asset monitoring threads
2023-08-01 23:56:46,129 INFO    SystemMonitor:22253 [interfaces.py:start():190] Started cpu monitoring
2023-08-01 23:56:46,130 INFO    SystemMonitor:22253 [interfaces.py:start():190] Started disk monitoring
2023-08-01 23:56:46,130 INFO    SystemMonitor:22253 [interfaces.py:start():190] Started memory monitoring
2023-08-01 23:56:46,131 INFO    SystemMonitor:22253 [interfaces.py:start():190] Started network monitoring
2023-08-01 23:56:46,139 DEBUG   HandlerThread:22253 [handler.py:handle_request():144] handle_request: pause
2023-08-01 23:56:46,139 INFO    HandlerThread:22253 [handler.py:handle_request_pause():728] stopping system metrics thread or process
2023-08-01 23:56:46,139 INFO    HandlerThread:22253 [system_monitor.py:finish():190] Stopping system monitor
2023-08-01 23:56:46,139 INFO    HandlerThread:22253 [interfaces.py:finish():202] Joined cpu monitor
2023-08-01 23:56:46,139 DEBUG   SystemMonitor:22253 [system_monitor.py:_start():159] Starting system metrics aggregation loop
2023-08-01 23:56:46,139 INFO    HandlerThread:22253 [interfaces.py:finish():202] Joined disk monitor
2023-08-01 23:56:46,139 DEBUG   SystemMonitor:22253 [system_monitor.py:_start():166] Finished system metrics aggregation loop
2023-08-01 23:56:46,139 INFO    HandlerThread:22253 [interfaces.py:finish():202] Joined memory monitor
2023-08-01 23:56:46,140 DEBUG   SystemMonitor:22253 [system_monitor.py:_start():170] Publishing last batch of metrics
2023-08-01 23:56:46,140 INFO    HandlerThread:22253 [interfaces.py:finish():202] Joined network monitor
2023-08-01 23:56:46,141 DEBUG   SenderThread:22253 [sender.py:send():379] send: stats
2023-08-01 23:56:46,142 DEBUG   HandlerThread:22253 [handler.py:handle_request():144] handle_request: status_report
2023-08-01 23:56:46,223 DEBUG   HandlerThread:22253 [handler.py:handle_request():144] handle_request: resume
2023-08-01 23:56:46,223 INFO    HandlerThread:22253 [handler.py:handle_request_resume():719] starting system metrics thread or process
2023-08-01 23:56:46,223 INFO    HandlerThread:22253 [system_monitor.py:start():181] Starting system monitor
2023-08-01 23:56:46,223 INFO    SystemMonitor:22253 [system_monitor.py:_start():145] Starting system asset monitoring threads
2023-08-01 23:56:46,224 INFO    SystemMonitor:22253 [interfaces.py:start():190] Started cpu monitoring
2023-08-01 23:56:46,225 INFO    SystemMonitor:22253 [interfaces.py:start():190] Started disk monitoring
2023-08-01 23:56:46,225 DEBUG   HandlerThread:22253 [handler.py:handle_request():144] handle_request: pause
2023-08-01 23:56:46,225 INFO    HandlerThread:22253 [handler.py:handle_request_pause():728] stopping system metrics thread or process
2023-08-01 23:56:46,225 INFO    SystemMonitor:22253 [interfaces.py:start():190] Started memory monitoring
2023-08-01 23:56:46,226 INFO    HandlerThread:22253 [system_monitor.py:finish():190] Stopping system monitor
2023-08-01 23:56:46,227 INFO    SystemMonitor:22253 [interfaces.py:start():190] Started network monitoring
2023-08-01 23:56:46,227 DEBUG   SystemMonitor:22253 [system_monitor.py:_start():159] Starting system metrics aggregation loop
2023-08-01 23:56:46,227 DEBUG   SystemMonitor:22253 [system_monitor.py:_start():166] Finished system metrics aggregation loop
2023-08-01 23:56:46,227 DEBUG   SystemMonitor:22253 [system_monitor.py:_start():170] Publishing last batch of metrics
2023-08-01 23:56:46,227 INFO    HandlerThread:22253 [interfaces.py:finish():202] Joined cpu monitor
2023-08-01 23:56:46,228 INFO    HandlerThread:22253 [interfaces.py:finish():202] Joined disk monitor
2023-08-01 23:56:46,229 INFO    HandlerThread:22253 [interfaces.py:finish():202] Joined memory monitor
2023-08-01 23:56:46,229 INFO    HandlerThread:22253 [interfaces.py:finish():202] Joined network monitor
2023-08-01 23:56:46,229 DEBUG   SenderThread:22253 [sender.py:send():379] send: stats
2023-08-01 23:56:46,320 DEBUG   HandlerThread:22253 [handler.py:handle_request():144] handle_request: resume
2023-08-01 23:56:46,320 INFO    HandlerThread:22253 [handler.py:handle_request_resume():719] starting system metrics thread or process
2023-08-01 23:56:46,320 INFO    HandlerThread:22253 [system_monitor.py:start():181] Starting system monitor
2023-08-01 23:56:46,320 INFO    SystemMonitor:22253 [system_monitor.py:_start():145] Starting system asset monitoring threads
2023-08-01 23:56:46,320 INFO    SystemMonitor:22253 [interfaces.py:start():190] Started cpu monitoring
2023-08-01 23:56:46,322 INFO    SystemMonitor:22253 [interfaces.py:start():190] Started disk monitoring
2023-08-01 23:56:46,324 DEBUG   HandlerThread:22253 [handler.py:handle_request():144] handle_request: pause
2023-08-01 23:56:46,324 INFO    HandlerThread:22253 [handler.py:handle_request_pause():728] stopping system metrics thread or process
2023-08-01 23:56:46,324 INFO    HandlerThread:22253 [system_monitor.py:finish():190] Stopping system monitor
2023-08-01 23:56:46,325 INFO    SystemMonitor:22253 [interfaces.py:start():190] Started memory monitoring
2023-08-01 23:56:46,325 DEBUG   SystemMonitor:22253 [system_monitor.py:_start():159] Starting system metrics aggregation loop
2023-08-01 23:56:46,325 DEBUG   SystemMonitor:22253 [system_monitor.py:_start():166] Finished system metrics aggregation loop
2023-08-01 23:56:46,325 DEBUG   SystemMonitor:22253 [system_monitor.py:_start():170] Publishing last batch of metrics
2023-08-01 23:56:46,327 INFO    HandlerThread:22253 [interfaces.py:finish():202] Joined cpu monitor
2023-08-01 23:56:46,328 INFO    HandlerThread:22253 [interfaces.py:finish():202] Joined disk monitor
2023-08-01 23:56:46,328 INFO    HandlerThread:22253 [interfaces.py:finish():202] Joined memory monitor
2023-08-01 23:56:46,328 DEBUG   SenderThread:22253 [sender.py:send():379] send: stats
2023-08-01 23:56:46,448 DEBUG   HandlerThread:22253 [handler.py:handle_request():144] handle_request: resume
2023-08-01 23:56:46,448 INFO    HandlerThread:22253 [handler.py:handle_request_resume():719] starting system metrics thread or process
2023-08-01 23:56:46,448 INFO    HandlerThread:22253 [system_monitor.py:start():181] Starting system monitor
2023-08-01 23:56:46,448 INFO    SystemMonitor:22253 [system_monitor.py:_start():145] Starting system asset monitoring threads
2023-08-01 23:56:46,448 INFO    SystemMonitor:22253 [interfaces.py:start():190] Started cpu monitoring
2023-08-01 23:56:46,450 INFO    SystemMonitor:22253 [interfaces.py:start():190] Started disk monitoring
2023-08-01 23:56:46,451 INFO    SystemMonitor:22253 [interfaces.py:start():190] Started memory monitoring
2023-08-01 23:56:46,455 INFO    SystemMonitor:22253 [interfaces.py:start():190] Started network monitoring
2023-08-01 23:56:46,523 DEBUG   HandlerThread:22253 [handler.py:handle_request():144] handle_request: pause
2023-08-01 23:56:46,523 INFO    HandlerThread:22253 [handler.py:handle_request_pause():728] stopping system metrics thread or process
2023-08-01 23:56:46,523 INFO    HandlerThread:22253 [system_monitor.py:finish():190] Stopping system monitor
2023-08-01 23:56:46,523 DEBUG   SystemMonitor:22253 [system_monitor.py:_start():159] Starting system metrics aggregation loop
2023-08-01 23:56:46,523 DEBUG   SystemMonitor:22253 [system_monitor.py:_start():166] Finished system metrics aggregation loop
2023-08-01 23:56:46,523 DEBUG   SystemMonitor:22253 [system_monitor.py:_start():170] Publishing last batch of metrics
2023-08-01 23:56:46,525 INFO    HandlerThread:22253 [interfaces.py:finish():202] Joined cpu monitor
2023-08-01 23:56:46,525 INFO    HandlerThread:22253 [interfaces.py:finish():202] Joined disk monitor
2023-08-01 23:56:46,525 INFO    HandlerThread:22253 [interfaces.py:finish():202] Joined memory monitor
2023-08-01 23:56:46,525 INFO    HandlerThread:22253 [interfaces.py:finish():202] Joined network monitor
2023-08-01 23:56:46,525 DEBUG   SenderThread:22253 [sender.py:send():379] send: stats
2023-08-01 23:56:46,553 DEBUG   HandlerThread:22253 [handler.py:handle_request():144] handle_request: resume
2023-08-01 23:56:46,553 INFO    HandlerThread:22253 [handler.py:handle_request_resume():719] starting system metrics thread or process
2023-08-01 23:56:46,554 INFO    HandlerThread:22253 [system_monitor.py:start():181] Starting system monitor
2023-08-01 23:56:46,554 INFO    SystemMonitor:22253 [system_monitor.py:_start():145] Starting system asset monitoring threads
2023-08-01 23:56:46,554 INFO    SystemMonitor:22253 [interfaces.py:start():190] Started cpu monitoring
2023-08-01 23:56:46,555 INFO    SystemMonitor:22253 [interfaces.py:start():190] Started disk monitoring
2023-08-01 23:56:46,555 INFO    SystemMonitor:22253 [interfaces.py:start():190] Started memory monitoring
2023-08-01 23:56:46,556 INFO    SystemMonitor:22253 [interfaces.py:start():190] Started network monitoring
2023-08-01 23:56:46,600 DEBUG   HandlerThread:22253 [handler.py:handle_request():144] handle_request: pause
2023-08-01 23:56:46,600 INFO    HandlerThread:22253 [handler.py:handle_request_pause():728] stopping system metrics thread or process
2023-08-01 23:56:46,601 INFO    HandlerThread:22253 [system_monitor.py:finish():190] Stopping system monitor
2023-08-01 23:56:46,601 INFO    HandlerThread:22253 [interfaces.py:finish():202] Joined cpu monitor
2023-08-01 23:56:46,601 DEBUG   SystemMonitor:22253 [system_monitor.py:_start():159] Starting system metrics aggregation loop
2023-08-01 23:56:46,601 INFO    HandlerThread:22253 [interfaces.py:finish():202] Joined disk monitor
2023-08-01 23:56:46,601 DEBUG   SystemMonitor:22253 [system_monitor.py:_start():166] Finished system metrics aggregation loop
2023-08-01 23:56:46,601 INFO    HandlerThread:22253 [interfaces.py:finish():202] Joined memory monitor
2023-08-01 23:56:46,602 DEBUG   SystemMonitor:22253 [system_monitor.py:_start():170] Publishing last batch of metrics
2023-08-01 23:56:46,602 INFO    HandlerThread:22253 [interfaces.py:finish():202] Joined network monitor
2023-08-01 23:56:46,602 DEBUG   SenderThread:22253 [sender.py:send():379] send: stats
2023-08-01 23:56:46,644 DEBUG   HandlerThread:22253 [handler.py:handle_request():144] handle_request: resume
2023-08-01 23:56:46,644 INFO    HandlerThread:22253 [handler.py:handle_request_resume():719] starting system metrics thread or process
2023-08-01 23:56:46,644 INFO    HandlerThread:22253 [system_monitor.py:start():181] Starting system monitor
2023-08-01 23:56:46,644 INFO    SystemMonitor:22253 [system_monitor.py:_start():145] Starting system asset monitoring threads
2023-08-01 23:56:46,644 INFO    SystemMonitor:22253 [interfaces.py:start():190] Started cpu monitoring
2023-08-01 23:56:46,645 INFO    SystemMonitor:22253 [interfaces.py:start():190] Started disk monitoring
2023-08-01 23:56:46,645 INFO    SystemMonitor:22253 [interfaces.py:start():190] Started memory monitoring
2023-08-01 23:56:46,646 INFO    SystemMonitor:22253 [interfaces.py:start():190] Started network monitoring
2023-08-01 23:56:46,718 DEBUG   HandlerThread:22253 [handler.py:handle_request():144] handle_request: pause
2023-08-01 23:56:46,718 INFO    HandlerThread:22253 [handler.py:handle_request_pause():728] stopping system metrics thread or process
2023-08-01 23:56:46,718 INFO    HandlerThread:22253 [system_monitor.py:finish():190] Stopping system monitor
2023-08-01 23:56:46,718 INFO    HandlerThread:22253 [interfaces.py:finish():202] Joined cpu monitor
2023-08-01 23:56:46,719 DEBUG   SystemMonitor:22253 [system_monitor.py:_start():159] Starting system metrics aggregation loop
2023-08-01 23:56:46,719 INFO    HandlerThread:22253 [interfaces.py:finish():202] Joined disk monitor
2023-08-01 23:56:46,719 DEBUG   SystemMonitor:22253 [system_monitor.py:_start():166] Finished system metrics aggregation loop
2023-08-01 23:56:46,719 INFO    HandlerThread:22253 [interfaces.py:finish():202] Joined memory monitor
2023-08-01 23:56:46,719 DEBUG   SystemMonitor:22253 [system_monitor.py:_start():170] Publishing last batch of metrics
2023-08-01 23:56:46,719 INFO    HandlerThread:22253 [interfaces.py:finish():202] Joined network monitor
2023-08-01 23:56:46,720 DEBUG   SenderThread:22253 [sender.py:send():379] send: stats
2023-08-01 23:56:46,889 DEBUG   HandlerThread:22253 [handler.py:handle_request():144] handle_request: resume
2023-08-01 23:56:46,890 INFO    HandlerThread:22253 [handler.py:handle_request_resume():719] starting system metrics thread or process
2023-08-01 23:56:46,890 INFO    HandlerThread:22253 [system_monitor.py:start():181] Starting system monitor
2023-08-01 23:56:46,890 INFO    SystemMonitor:22253 [system_monitor.py:_start():145] Starting system asset monitoring threads
2023-08-01 23:56:46,890 INFO    SystemMonitor:22253 [interfaces.py:start():190] Started cpu monitoring
2023-08-01 23:56:46,891 INFO    SystemMonitor:22253 [interfaces.py:start():190] Started disk monitoring
2023-08-01 23:56:46,891 INFO    SystemMonitor:22253 [interfaces.py:start():190] Started memory monitoring
2023-08-01 23:56:46,894 DEBUG   HandlerThread:22253 [handler.py:handle_request():144] handle_request: pause
2023-08-01 23:56:46,894 INFO    SystemMonitor:22253 [interfaces.py:start():190] Started network monitoring
2023-08-01 23:56:46,894 INFO    HandlerThread:22253 [handler.py:handle_request_pause():728] stopping system metrics thread or process
2023-08-01 23:56:46,895 INFO    HandlerThread:22253 [system_monitor.py:finish():190] Stopping system monitor
2023-08-01 23:56:46,895 DEBUG   SystemMonitor:22253 [system_monitor.py:_start():159] Starting system metrics aggregation loop
2023-08-01 23:56:46,895 INFO    HandlerThread:22253 [interfaces.py:finish():202] Joined cpu monitor
2023-08-01 23:56:46,896 DEBUG   SystemMonitor:22253 [system_monitor.py:_start():166] Finished system metrics aggregation loop
2023-08-01 23:56:46,896 INFO    HandlerThread:22253 [interfaces.py:finish():202] Joined disk monitor
2023-08-01 23:56:46,896 INFO    HandlerThread:22253 [interfaces.py:finish():202] Joined memory monitor
2023-08-01 23:56:46,896 INFO    HandlerThread:22253 [interfaces.py:finish():202] Joined network monitor
2023-08-01 23:56:46,896 DEBUG   SystemMonitor:22253 [system_monitor.py:_start():170] Publishing last batch of metrics
2023-08-01 23:56:46,897 DEBUG   SenderThread:22253 [sender.py:send():379] send: stats
2023-08-01 23:56:46,995 DEBUG   HandlerThread:22253 [handler.py:handle_request():144] handle_request: resume
2023-08-01 23:56:46,995 INFO    HandlerThread:22253 [handler.py:handle_request_resume():719] starting system metrics thread or process
2023-08-01 23:56:46,995 INFO    HandlerThread:22253 [system_monitor.py:start():181] Starting system monitor
2023-08-01 23:56:46,995 INFO    SystemMonitor:22253 [system_monitor.py:_start():145] Starting system asset monitoring threads
2023-08-01 23:56:46,996 INFO    SystemMonitor:22253 [interfaces.py:start():190] Started cpu monitoring
2023-08-01 23:56:46,996 INFO    SystemMonitor:22253 [interfaces.py:start():190] Started disk monitoring
2023-08-01 23:56:46,997 INFO    SystemMonitor:22253 [interfaces.py:start():190] Started memory monitoring
2023-08-01 23:56:46,998 INFO    SystemMonitor:22253 [interfaces.py:start():190] Started network monitoring
2023-08-01 23:56:46,999 DEBUG   HandlerThread:22253 [handler.py:handle_request():144] handle_request: pause
2023-08-01 23:56:46,999 INFO    HandlerThread:22253 [handler.py:handle_request_pause():728] stopping system metrics thread or process
2023-08-01 23:56:47,000 INFO    HandlerThread:22253 [system_monitor.py:finish():190] Stopping system monitor
2023-08-01 23:56:47,000 INFO    HandlerThread:22253 [interfaces.py:finish():202] Joined cpu monitor
2023-08-01 23:56:47,000 INFO    HandlerThread:22253 [interfaces.py:finish():202] Joined disk monitor
2023-08-01 23:56:47,000 INFO    HandlerThread:22253 [interfaces.py:finish():202] Joined memory monitor
2023-08-01 23:56:47,000 INFO    HandlerThread:22253 [interfaces.py:finish():202] Joined network monitor
2023-08-01 23:56:47,000 DEBUG   SystemMonitor:22253 [system_monitor.py:_start():159] Starting system metrics aggregation loop
2023-08-01 23:56:47,000 DEBUG   SystemMonitor:22253 [system_monitor.py:_start():166] Finished system metrics aggregation loop
2023-08-01 23:56:47,000 DEBUG   SystemMonitor:22253 [system_monitor.py:_start():170] Publishing last batch of metrics
2023-08-01 23:56:47,001 DEBUG   SenderThread:22253 [sender.py:send():379] send: stats
2023-08-01 23:56:47,075 DEBUG   HandlerThread:22253 [handler.py:handle_request():144] handle_request: resume
2023-08-01 23:56:47,075 INFO    HandlerThread:22253 [handler.py:handle_request_resume():719] starting system metrics thread or process
2023-08-01 23:56:47,075 INFO    HandlerThread:22253 [system_monitor.py:start():181] Starting system monitor
2023-08-01 23:56:47,075 INFO    SystemMonitor:22253 [system_monitor.py:_start():145] Starting system asset monitoring threads
2023-08-01 23:56:47,076 INFO    SystemMonitor:22253 [interfaces.py:start():190] Started cpu monitoring
2023-08-01 23:56:47,077 DEBUG   HandlerThread:22253 [handler.py:handle_request():144] handle_request: pause
2023-08-01 23:56:47,077 INFO    HandlerThread:22253 [handler.py:handle_request_pause():728] stopping system metrics thread or process
2023-08-01 23:56:47,077 INFO    SystemMonitor:22253 [interfaces.py:start():190] Started disk monitoring
2023-08-01 23:56:47,077 INFO    HandlerThread:22253 [system_monitor.py:finish():190] Stopping system monitor
2023-08-01 23:56:47,078 INFO    SystemMonitor:22253 [interfaces.py:start():190] Started memory monitoring
2023-08-01 23:56:47,078 DEBUG   SystemMonitor:22253 [system_monitor.py:_start():159] Starting system metrics aggregation loop
2023-08-01 23:56:47,078 INFO    HandlerThread:22253 [interfaces.py:finish():202] Joined cpu monitor
2023-08-01 23:56:47,078 DEBUG   SystemMonitor:22253 [system_monitor.py:_start():166] Finished system metrics aggregation loop
2023-08-01 23:56:47,079 INFO    HandlerThread:22253 [interfaces.py:finish():202] Joined disk monitor
2023-08-01 23:56:47,079 DEBUG   SystemMonitor:22253 [system_monitor.py:_start():170] Publishing last batch of metrics
2023-08-01 23:56:47,080 INFO    HandlerThread:22253 [interfaces.py:finish():202] Joined memory monitor
2023-08-01 23:56:47,081 DEBUG   SenderThread:22253 [sender.py:send():379] send: stats
2023-08-01 23:56:47,128 DEBUG   HandlerThread:22253 [handler.py:handle_request():144] handle_request: resume
2023-08-01 23:56:47,128 INFO    HandlerThread:22253 [handler.py:handle_request_resume():719] starting system metrics thread or process
2023-08-01 23:56:47,128 INFO    HandlerThread:22253 [system_monitor.py:start():181] Starting system monitor
2023-08-01 23:56:47,128 INFO    SystemMonitor:22253 [system_monitor.py:_start():145] Starting system asset monitoring threads
2023-08-01 23:56:47,129 INFO    SystemMonitor:22253 [interfaces.py:start():190] Started cpu monitoring
2023-08-01 23:56:47,129 INFO    SystemMonitor:22253 [interfaces.py:start():190] Started disk monitoring
2023-08-01 23:56:47,129 INFO    SystemMonitor:22253 [interfaces.py:start():190] Started memory monitoring
2023-08-01 23:56:47,130 INFO    SystemMonitor:22253 [interfaces.py:start():190] Started network monitoring
2023-08-01 23:56:47,132 DEBUG   HandlerThread:22253 [handler.py:handle_request():144] handle_request: pause
2023-08-01 23:56:47,132 INFO    HandlerThread:22253 [handler.py:handle_request_pause():728] stopping system metrics thread or process
2023-08-01 23:56:47,132 INFO    HandlerThread:22253 [system_monitor.py:finish():190] Stopping system monitor
2023-08-01 23:56:47,132 INFO    HandlerThread:22253 [interfaces.py:finish():202] Joined cpu monitor
2023-08-01 23:56:47,132 DEBUG   SystemMonitor:22253 [system_monitor.py:_start():159] Starting system metrics aggregation loop
2023-08-01 23:56:47,132 INFO    HandlerThread:22253 [interfaces.py:finish():202] Joined disk monitor
2023-08-01 23:56:47,133 DEBUG   SystemMonitor:22253 [system_monitor.py:_start():166] Finished system metrics aggregation loop
2023-08-01 23:56:47,133 INFO    HandlerThread:22253 [interfaces.py:finish():202] Joined memory monitor
2023-08-01 23:56:47,133 DEBUG   SystemMonitor:22253 [system_monitor.py:_start():170] Publishing last batch of metrics
2023-08-01 23:56:47,133 INFO    HandlerThread:22253 [interfaces.py:finish():202] Joined network monitor
2023-08-01 23:56:47,134 DEBUG   SenderThread:22253 [sender.py:send():379] send: stats
2023-08-01 23:56:47,200 INFO    Thread-12 :22253 [dir_watcher.py:_on_file_created():272] file/dir created: /home/subhash/pytorch/wandb/run-20230801_235607-a175hpxc/files/output.log
2023-08-01 23:56:47,305 DEBUG   HandlerThread:22253 [handler.py:handle_request():144] handle_request: resume
2023-08-01 23:56:47,305 INFO    HandlerThread:22253 [handler.py:handle_request_resume():719] starting system metrics thread or process
2023-08-01 23:56:47,305 INFO    HandlerThread:22253 [system_monitor.py:start():181] Starting system monitor
2023-08-01 23:56:47,305 INFO    SystemMonitor:22253 [system_monitor.py:_start():145] Starting system asset monitoring threads
2023-08-01 23:56:47,306 INFO    SystemMonitor:22253 [interfaces.py:start():190] Started cpu monitoring
2023-08-01 23:56:47,306 INFO    SystemMonitor:22253 [interfaces.py:start():190] Started disk monitoring
2023-08-01 23:56:47,307 INFO    SystemMonitor:22253 [interfaces.py:start():190] Started memory monitoring
2023-08-01 23:56:47,307 INFO    SystemMonitor:22253 [interfaces.py:start():190] Started network monitoring
2023-08-01 23:56:47,556 DEBUG   SenderThread:22253 [sender.py:send():379] send: telemetry
2023-08-01 23:56:47,985 DEBUG   HandlerThread:22253 [handler.py:handle_request():144] handle_request: pause
2023-08-01 23:56:47,986 INFO    HandlerThread:22253 [handler.py:handle_request_pause():728] stopping system metrics thread or process
2023-08-01 23:56:47,986 INFO    HandlerThread:22253 [system_monitor.py:finish():190] Stopping system monitor
2023-08-01 23:56:47,986 DEBUG   SystemMonitor:22253 [system_monitor.py:_start():159] Starting system metrics aggregation loop
2023-08-01 23:56:47,986 INFO    HandlerThread:22253 [interfaces.py:finish():202] Joined cpu monitor
2023-08-01 23:56:47,986 DEBUG   SystemMonitor:22253 [system_monitor.py:_start():166] Finished system metrics aggregation loop
2023-08-01 23:56:47,986 INFO    HandlerThread:22253 [interfaces.py:finish():202] Joined disk monitor
2023-08-01 23:56:47,986 DEBUG   SystemMonitor:22253 [system_monitor.py:_start():170] Publishing last batch of metrics
2023-08-01 23:56:47,987 INFO    HandlerThread:22253 [interfaces.py:finish():202] Joined memory monitor
2023-08-01 23:56:47,987 INFO    HandlerThread:22253 [interfaces.py:finish():202] Joined network monitor
2023-08-01 23:56:47,988 DEBUG   SenderThread:22253 [sender.py:send():379] send: stats
2023-08-01 23:56:49,201 INFO    Thread-12 :22253 [dir_watcher.py:_on_file_modified():289] file/dir modified: /home/subhash/pytorch/wandb/run-20230801_235607-a175hpxc/files/output.log
2023-08-01 23:56:51,988 DEBUG   HandlerThread:22253 [handler.py:handle_request():144] handle_request: status_report
2023-08-01 23:56:54,735 DEBUG   HandlerThread:22253 [handler.py:handle_request():144] handle_request: stop_status
2023-08-01 23:56:54,736 DEBUG   SenderThread:22253 [sender.py:send_request():406] send_request: stop_status
2023-08-01 23:56:57,137 DEBUG   HandlerThread:22253 [handler.py:handle_request():144] handle_request: status_report
2023-08-01 23:57:02,138 DEBUG   HandlerThread:22253 [handler.py:handle_request():144] handle_request: status_report
2023-08-01 23:57:07,139 DEBUG   HandlerThread:22253 [handler.py:handle_request():144] handle_request: status_report
2023-08-01 23:57:09,735 DEBUG   HandlerThread:22253 [handler.py:handle_request():144] handle_request: stop_status
2023-08-01 23:57:09,736 DEBUG   SenderThread:22253 [sender.py:send_request():406] send_request: stop_status
2023-08-01 23:57:13,134 DEBUG   HandlerThread:22253 [handler.py:handle_request():144] handle_request: status_report
2023-08-01 23:57:14,211 INFO    Thread-12 :22253 [dir_watcher.py:_on_file_modified():289] file/dir modified: /home/subhash/pytorch/wandb/run-20230801_235607-a175hpxc/files/config.yaml
2023-08-01 23:57:18,562 DEBUG   HandlerThread:22253 [handler.py:handle_request():144] handle_request: status_report
2023-08-01 23:57:23,563 DEBUG   HandlerThread:22253 [handler.py:handle_request():144] handle_request: status_report
2023-08-01 23:57:24,735 DEBUG   HandlerThread:22253 [handler.py:handle_request():144] handle_request: stop_status
2023-08-01 23:57:24,737 DEBUG   SenderThread:22253 [sender.py:send_request():406] send_request: stop_status
2023-08-01 23:57:29,192 DEBUG   HandlerThread:22253 [handler.py:handle_request():144] handle_request: status_report
2023-08-01 23:57:34,194 DEBUG   HandlerThread:22253 [handler.py:handle_request():144] handle_request: status_report
2023-08-01 23:57:39,195 DEBUG   HandlerThread:22253 [handler.py:handle_request():144] handle_request: status_report
2023-08-01 23:57:39,735 DEBUG   HandlerThread:22253 [handler.py:handle_request():144] handle_request: stop_status
2023-08-01 23:57:39,736 DEBUG   SenderThread:22253 [sender.py:send_request():406] send_request: stop_status
2023-08-01 23:57:44,268 DEBUG   HandlerThread:22253 [handler.py:handle_request():144] handle_request: status_report
2023-08-01 23:57:49,269 DEBUG   HandlerThread:22253 [handler.py:handle_request():144] handle_request: status_report
2023-08-01 23:57:54,270 DEBUG   HandlerThread:22253 [handler.py:handle_request():144] handle_request: status_report
2023-08-01 23:57:54,735 DEBUG   HandlerThread:22253 [handler.py:handle_request():144] handle_request: stop_status
2023-08-01 23:57:54,736 DEBUG   SenderThread:22253 [sender.py:send_request():406] send_request: stop_status
2023-08-01 23:57:58,758 DEBUG   HandlerThread:22253 [handler.py:handle_request():144] handle_request: resume
2023-08-01 23:57:58,758 INFO    HandlerThread:22253 [handler.py:handle_request_resume():719] starting system metrics thread or process
2023-08-01 23:57:58,758 INFO    HandlerThread:22253 [system_monitor.py:start():181] Starting system monitor
2023-08-01 23:57:58,758 INFO    SystemMonitor:22253 [system_monitor.py:_start():145] Starting system asset monitoring threads
2023-08-01 23:57:58,758 INFO    SystemMonitor:22253 [interfaces.py:start():190] Started cpu monitoring
2023-08-01 23:57:58,759 INFO    SystemMonitor:22253 [interfaces.py:start():190] Started disk monitoring
2023-08-01 23:57:58,759 DEBUG   HandlerThread:22253 [handler.py:handle_request():144] handle_request: partial_history
2023-08-01 23:57:58,760 DEBUG   HandlerThread:22253 [handler.py:handle_request():144] handle_request: partial_history
2023-08-01 23:57:58,761 INFO    SystemMonitor:22253 [interfaces.py:start():190] Started memory monitoring
2023-08-01 23:57:58,762 DEBUG   SenderThread:22253 [sender.py:send():379] send: history
2023-08-01 23:57:58,762 DEBUG   HandlerThread:22253 [handler.py:handle_request():144] handle_request: partial_history
2023-08-01 23:57:58,762 DEBUG   SenderThread:22253 [sender.py:send_request():406] send_request: summary_record
2023-08-01 23:57:58,764 DEBUG   HandlerThread:22253 [handler.py:handle_request():144] handle_request: partial_history
2023-08-01 23:57:58,764 INFO    SystemMonitor:22253 [interfaces.py:start():190] Started network monitoring
2023-08-01 23:57:58,766 DEBUG   HandlerThread:22253 [handler.py:handle_request():144] handle_request: partial_history
2023-08-01 23:57:58,766 INFO    SenderThread:22253 [sender.py:_save_file():1376] saving file wandb-summary.json with policy end
2023-08-01 23:57:58,767 DEBUG   HandlerThread:22253 [handler.py:handle_request():144] handle_request: partial_history
2023-08-01 23:57:58,768 DEBUG   HandlerThread:22253 [handler.py:handle_request():144] handle_request: partial_history
2023-08-01 23:57:58,767 DEBUG   SenderThread:22253 [sender.py:send():379] send: history
2023-08-01 23:57:58,768 DEBUG   SenderThread:22253 [sender.py:send_request():406] send_request: summary_record
2023-08-01 23:57:58,768 DEBUG   HandlerThread:22253 [handler.py:handle_request():144] handle_request: partial_history
2023-08-01 23:57:58,769 INFO    SenderThread:22253 [sender.py:_save_file():1376] saving file wandb-summary.json with policy end
2023-08-01 23:57:58,769 DEBUG   SenderThread:22253 [sender.py:send():379] send: history
2023-08-01 23:57:58,770 DEBUG   SenderThread:22253 [sender.py:send_request():406] send_request: summary_record
2023-08-01 23:57:58,770 INFO    SenderThread:22253 [sender.py:_save_file():1376] saving file wandb-summary.json with policy end
2023-08-01 23:57:58,770 DEBUG   SenderThread:22253 [sender.py:send():379] send: history
2023-08-01 23:57:58,770 DEBUG   SenderThread:22253 [sender.py:send_request():406] send_request: summary_record
2023-08-01 23:57:58,771 INFO    SenderThread:22253 [sender.py:_save_file():1376] saving file wandb-summary.json with policy end
2023-08-01 23:57:58,771 DEBUG   SenderThread:22253 [sender.py:send():379] send: history
2023-08-01 23:57:58,771 DEBUG   SenderThread:22253 [sender.py:send_request():406] send_request: summary_record
2023-08-01 23:57:58,771 INFO    SenderThread:22253 [sender.py:_save_file():1376] saving file wandb-summary.json with policy end
2023-08-01 23:57:58,771 DEBUG   SenderThread:22253 [sender.py:send():379] send: history
2023-08-01 23:57:58,771 DEBUG   SenderThread:22253 [sender.py:send_request():406] send_request: summary_record
2023-08-01 23:57:58,771 INFO    SenderThread:22253 [sender.py:_save_file():1376] saving file wandb-summary.json with policy end
2023-08-01 23:57:58,772 DEBUG   SenderThread:22253 [sender.py:send():379] send: history
2023-08-01 23:57:58,772 DEBUG   SenderThread:22253 [sender.py:send_request():406] send_request: summary_record
2023-08-01 23:57:58,772 INFO    SenderThread:22253 [sender.py:_save_file():1376] saving file wandb-summary.json with policy end
2023-08-01 23:57:58,772 DEBUG   SenderThread:22253 [sender.py:send():379] send: history
2023-08-01 23:57:58,772 DEBUG   SenderThread:22253 [sender.py:send_request():406] send_request: summary_record
2023-08-01 23:57:58,772 INFO    SenderThread:22253 [sender.py:_save_file():1376] saving file wandb-summary.json with policy end
2023-08-01 23:57:58,773 DEBUG   SenderThread:22253 [sender.py:send():379] send: telemetry
2023-08-01 23:57:58,790 DEBUG   SenderThread:22253 [sender.py:send():379] send: exit
2023-08-01 23:57:58,790 INFO    SenderThread:22253 [sender.py:send_exit():584] handling exit code: 0
2023-08-01 23:57:58,790 INFO    SenderThread:22253 [sender.py:send_exit():586] handling runtime: 1
2023-08-01 23:57:58,790 INFO    SenderThread:22253 [sender.py:_save_file():1376] saving file wandb-summary.json with policy end
2023-08-01 23:57:58,790 INFO    SenderThread:22253 [sender.py:send_exit():592] send defer
2023-08-01 23:57:58,791 DEBUG   HandlerThread:22253 [handler.py:handle_request():144] handle_request: defer
2023-08-01 23:57:58,791 INFO    HandlerThread:22253 [handler.py:handle_request_defer():170] handle defer: 0
2023-08-01 23:57:58,791 DEBUG   SenderThread:22253 [sender.py:send_request():406] send_request: defer
2023-08-01 23:57:58,791 INFO    SenderThread:22253 [sender.py:send_request_defer():608] handle sender defer: 0
2023-08-01 23:57:58,791 INFO    SenderThread:22253 [sender.py:transition_state():612] send defer: 1
2023-08-01 23:57:58,791 DEBUG   HandlerThread:22253 [handler.py:handle_request():144] handle_request: defer
2023-08-01 23:57:58,791 INFO    HandlerThread:22253 [handler.py:handle_request_defer():170] handle defer: 1
2023-08-01 23:57:58,792 DEBUG   SenderThread:22253 [sender.py:send_request():406] send_request: defer
2023-08-01 23:57:58,792 INFO    SenderThread:22253 [sender.py:send_request_defer():608] handle sender defer: 1
2023-08-01 23:57:58,792 INFO    SenderThread:22253 [sender.py:transition_state():612] send defer: 2
2023-08-01 23:57:58,792 DEBUG   HandlerThread:22253 [handler.py:handle_request():144] handle_request: defer
2023-08-01 23:57:58,792 INFO    HandlerThread:22253 [handler.py:handle_request_defer():170] handle defer: 2
2023-08-01 23:57:58,792 INFO    HandlerThread:22253 [system_monitor.py:finish():190] Stopping system monitor
2023-08-01 23:57:58,792 INFO    HandlerThread:22253 [interfaces.py:finish():202] Joined cpu monitor
2023-08-01 23:57:58,792 DEBUG   SystemMonitor:22253 [system_monitor.py:_start():159] Starting system metrics aggregation loop
2023-08-01 23:57:58,793 INFO    HandlerThread:22253 [interfaces.py:finish():202] Joined disk monitor
2023-08-01 23:57:58,793 DEBUG   SystemMonitor:22253 [system_monitor.py:_start():166] Finished system metrics aggregation loop
2023-08-01 23:57:58,793 INFO    HandlerThread:22253 [interfaces.py:finish():202] Joined memory monitor
2023-08-01 23:57:58,793 DEBUG   SystemMonitor:22253 [system_monitor.py:_start():170] Publishing last batch of metrics
2023-08-01 23:57:58,793 INFO    HandlerThread:22253 [interfaces.py:finish():202] Joined network monitor
2023-08-01 23:57:58,794 DEBUG   SenderThread:22253 [sender.py:send_request():406] send_request: defer
2023-08-01 23:57:58,794 INFO    SenderThread:22253 [sender.py:send_request_defer():608] handle sender defer: 2
2023-08-01 23:57:58,794 INFO    SenderThread:22253 [sender.py:transition_state():612] send defer: 3
2023-08-01 23:57:58,794 DEBUG   SenderThread:22253 [sender.py:send():379] send: stats
2023-08-01 23:57:58,794 DEBUG   HandlerThread:22253 [handler.py:handle_request():144] handle_request: defer
2023-08-01 23:57:58,794 INFO    HandlerThread:22253 [handler.py:handle_request_defer():170] handle defer: 3
2023-08-01 23:57:58,795 DEBUG   SenderThread:22253 [sender.py:send_request():406] send_request: defer
2023-08-01 23:57:58,795 INFO    SenderThread:22253 [sender.py:send_request_defer():608] handle sender defer: 3
2023-08-01 23:57:58,795 INFO    SenderThread:22253 [sender.py:transition_state():612] send defer: 4
2023-08-01 23:57:58,795 DEBUG   HandlerThread:22253 [handler.py:handle_request():144] handle_request: defer
2023-08-01 23:57:58,795 INFO    HandlerThread:22253 [handler.py:handle_request_defer():170] handle defer: 4
2023-08-01 23:57:58,795 DEBUG   SenderThread:22253 [sender.py:send_request():406] send_request: defer
2023-08-01 23:57:58,795 INFO    SenderThread:22253 [sender.py:send_request_defer():608] handle sender defer: 4
2023-08-01 23:57:58,795 INFO    SenderThread:22253 [sender.py:transition_state():612] send defer: 5
2023-08-01 23:57:58,795 DEBUG   HandlerThread:22253 [handler.py:handle_request():144] handle_request: defer
2023-08-01 23:57:58,796 INFO    HandlerThread:22253 [handler.py:handle_request_defer():170] handle defer: 5
2023-08-01 23:57:58,796 DEBUG   SenderThread:22253 [sender.py:send():379] send: summary
2023-08-01 23:57:58,796 INFO    SenderThread:22253 [sender.py:_save_file():1376] saving file wandb-summary.json with policy end
2023-08-01 23:57:58,796 DEBUG   SenderThread:22253 [sender.py:send_request():406] send_request: defer
2023-08-01 23:57:58,796 INFO    SenderThread:22253 [sender.py:send_request_defer():608] handle sender defer: 5
2023-08-01 23:57:58,796 INFO    SenderThread:22253 [sender.py:transition_state():612] send defer: 6
2023-08-01 23:57:58,797 DEBUG   HandlerThread:22253 [handler.py:handle_request():144] handle_request: defer
2023-08-01 23:57:58,797 INFO    HandlerThread:22253 [handler.py:handle_request_defer():170] handle defer: 6
2023-08-01 23:57:58,797 DEBUG   SenderThread:22253 [sender.py:send_request():406] send_request: defer
2023-08-01 23:57:58,797 INFO    SenderThread:22253 [sender.py:send_request_defer():608] handle sender defer: 6
2023-08-01 23:57:58,801 DEBUG   HandlerThread:22253 [handler.py:handle_request():144] handle_request: status_report
2023-08-01 23:57:59,230 INFO    Thread-12 :22253 [dir_watcher.py:_on_file_modified():289] file/dir modified: /home/subhash/pytorch/wandb/run-20230801_235607-a175hpxc/files/wandb-summary.json
2023-08-01 23:57:59,792 DEBUG   HandlerThread:22253 [handler.py:handle_request():144] handle_request: poll_exit
2023-08-01 23:57:59,968 INFO    SenderThread:22253 [sender.py:transition_state():612] send defer: 7
2023-08-01 23:57:59,969 DEBUG   SenderThread:22253 [sender.py:send_request():406] send_request: poll_exit
2023-08-01 23:57:59,969 DEBUG   HandlerThread:22253 [handler.py:handle_request():144] handle_request: defer
2023-08-01 23:57:59,969 INFO    HandlerThread:22253 [handler.py:handle_request_defer():170] handle defer: 7
2023-08-01 23:57:59,970 DEBUG   SenderThread:22253 [sender.py:send_request():406] send_request: defer
2023-08-01 23:57:59,970 INFO    SenderThread:22253 [sender.py:send_request_defer():608] handle sender defer: 7
2023-08-01 23:58:00,231 INFO    Thread-12 :22253 [dir_watcher.py:_on_file_modified():289] file/dir modified: /home/subhash/pytorch/wandb/run-20230801_235607-a175hpxc/files/config.yaml
2023-08-01 23:58:00,604 INFO    SenderThread:22253 [sender.py:transition_state():612] send defer: 8
2023-08-01 23:58:00,604 DEBUG   HandlerThread:22253 [handler.py:handle_request():144] handle_request: defer
2023-08-01 23:58:00,604 INFO    HandlerThread:22253 [handler.py:handle_request_defer():170] handle defer: 8
2023-08-01 23:58:00,604 DEBUG   SenderThread:22253 [sender.py:send_request():406] send_request: defer
2023-08-01 23:58:00,605 INFO    SenderThread:22253 [sender.py:send_request_defer():608] handle sender defer: 8
2023-08-01 23:58:00,605 INFO    SenderThread:22253 [job_builder.py:build():280] Attempting to build job artifact
2023-08-01 23:58:00,605 INFO    SenderThread:22253 [job_builder.py:build():296] run is notebook based run
2023-08-01 23:58:00,606 INFO    SenderThread:22253 [job_builder.py:_get_source_type():389] is repo sourced job
2023-08-01 23:58:00,606 INFO    SenderThread:22253 [sender.py:transition_state():612] send defer: 9
2023-08-01 23:58:00,606 DEBUG   HandlerThread:22253 [handler.py:handle_request():144] handle_request: defer
2023-08-01 23:58:00,606 INFO    HandlerThread:22253 [handler.py:handle_request_defer():170] handle defer: 9
2023-08-01 23:58:00,606 DEBUG   SenderThread:22253 [sender.py:send_request():406] send_request: defer
2023-08-01 23:58:00,607 INFO    SenderThread:22253 [sender.py:send_request_defer():608] handle sender defer: 9
2023-08-01 23:58:00,607 INFO    SenderThread:22253 [dir_watcher.py:finish():359] shutting down directory watcher
2023-08-01 23:58:00,792 DEBUG   HandlerThread:22253 [handler.py:handle_request():144] handle_request: poll_exit
2023-08-01 23:58:01,232 INFO    Thread-12 :22253 [dir_watcher.py:_on_file_modified():289] file/dir modified: /home/subhash/pytorch/wandb/run-20230801_235607-a175hpxc/files/output.log
2023-08-01 23:58:01,232 INFO    SenderThread:22253 [dir_watcher.py:finish():389] scan: /home/subhash/pytorch/wandb/run-20230801_235607-a175hpxc/files
2023-08-01 23:58:01,233 INFO    SenderThread:22253 [dir_watcher.py:finish():403] scan save: /home/subhash/pytorch/wandb/run-20230801_235607-a175hpxc/files/config.yaml config.yaml
2023-08-01 23:58:01,233 INFO    SenderThread:22253 [dir_watcher.py:finish():403] scan save: /home/subhash/pytorch/wandb/run-20230801_235607-a175hpxc/files/output.log output.log
2023-08-01 23:58:01,234 INFO    SenderThread:22253 [dir_watcher.py:finish():403] scan save: /home/subhash/pytorch/wandb/run-20230801_235607-a175hpxc/files/wandb-summary.json wandb-summary.json
2023-08-01 23:58:01,240 INFO    SenderThread:22253 [dir_watcher.py:finish():403] scan save: /home/subhash/pytorch/wandb/run-20230801_235607-a175hpxc/files/requirements.txt requirements.txt
2023-08-01 23:58:01,241 INFO    SenderThread:22253 [dir_watcher.py:finish():403] scan save: /home/subhash/pytorch/wandb/run-20230801_235607-a175hpxc/files/wandb-metadata.json wandb-metadata.json
2023-08-01 23:58:01,241 INFO    SenderThread:22253 [sender.py:transition_state():612] send defer: 10
2023-08-01 23:58:01,245 DEBUG   SenderThread:22253 [sender.py:send_request():406] send_request: poll_exit
2023-08-01 23:58:01,247 DEBUG   HandlerThread:22253 [handler.py:handle_request():144] handle_request: defer
2023-08-01 23:58:01,248 INFO    HandlerThread:22253 [handler.py:handle_request_defer():170] handle defer: 10
2023-08-01 23:58:01,248 DEBUG   SenderThread:22253 [sender.py:send_request():406] send_request: defer
2023-08-01 23:58:01,248 INFO    SenderThread:22253 [sender.py:send_request_defer():608] handle sender defer: 10
2023-08-01 23:58:01,248 INFO    SenderThread:22253 [file_pusher.py:finish():159] shutting down file pusher
2023-08-01 23:58:01,793 DEBUG   HandlerThread:22253 [handler.py:handle_request():144] handle_request: poll_exit
2023-08-01 23:58:01,793 DEBUG   SenderThread:22253 [sender.py:send_request():406] send_request: poll_exit
2023-08-01 23:58:02,458 INFO    wandb-upload_2:22253 [retry.py:__call__():172] Retry attempt failed:
Traceback (most recent call last):
  File "/home/subhash/.local/lib/python3.8/site-packages/urllib3/connection.py", line 203, in _new_conn
    sock = connection.create_connection(
  File "/home/subhash/.local/lib/python3.8/site-packages/urllib3/util/connection.py", line 60, in create_connection
    for res in socket.getaddrinfo(host, port, family, socket.SOCK_STREAM):
  File "/usr/lib/python3.8/socket.py", line 918, in getaddrinfo
    for res in _socket.getaddrinfo(host, port, family, type, proto, flags):
socket.gaierror: [Errno -3] Temporary failure in name resolution

The above exception was the direct cause of the following exception:

Traceback (most recent call last):
  File "/home/subhash/.local/lib/python3.8/site-packages/urllib3/connectionpool.py", line 790, in urlopen
    response = self._make_request(
  File "/home/subhash/.local/lib/python3.8/site-packages/urllib3/connectionpool.py", line 491, in _make_request
    raise new_e
  File "/home/subhash/.local/lib/python3.8/site-packages/urllib3/connectionpool.py", line 467, in _make_request
    self._validate_conn(conn)
  File "/home/subhash/.local/lib/python3.8/site-packages/urllib3/connectionpool.py", line 1092, in _validate_conn
    conn.connect()
  File "/home/subhash/.local/lib/python3.8/site-packages/urllib3/connection.py", line 611, in connect
    self.sock = sock = self._new_conn()
  File "/home/subhash/.local/lib/python3.8/site-packages/urllib3/connection.py", line 210, in _new_conn
    raise NameResolutionError(self.host, self, e) from e
urllib3.exceptions.NameResolutionError: <urllib3.connection.HTTPSConnection object at 0x7f54c41205e0>: Failed to resolve 'api.wandb.ai' ([Errno -3] Temporary failure in name resolution)

The above exception was the direct cause of the following exception:

Traceback (most recent call last):
  File "/usr/lib/python3/dist-packages/requests/adapters.py", line 439, in send
    resp = conn.urlopen(
  File "/home/subhash/.local/lib/python3.8/site-packages/urllib3/connectionpool.py", line 844, in urlopen
    retries = retries.increment(
  File "/home/subhash/.local/lib/python3.8/site-packages/urllib3/util/retry.py", line 515, in increment
    raise MaxRetryError(_pool, url, reason) from reason  # type: ignore[arg-type]
urllib3.exceptions.MaxRetryError: HTTPSConnectionPool(host='api.wandb.ai', port=443): Max retries exceeded with url: /graphql (Caused by NameResolutionError("<urllib3.connection.HTTPSConnection object at 0x7f54c41205e0>: Failed to resolve 'api.wandb.ai' ([Errno -3] Temporary failure in name resolution)"))

During handling of the above exception, another exception occurred:

Traceback (most recent call last):
  File "/home/subhash/.local/lib/python3.8/site-packages/wandb/sdk/lib/retry.py", line 131, in __call__
    result = self._call_fn(*args, **kwargs)
  File "/home/subhash/.local/lib/python3.8/site-packages/wandb/sdk/internal/internal_api.py", line 322, in execute
    return self.client.execute(*args, **kwargs)  # type: ignore
  File "/home/subhash/.local/lib/python3.8/site-packages/wandb/vendor/gql-0.2.0/wandb_gql/client.py", line 52, in execute
    result = self._get_result(document, *args, **kwargs)
  File "/home/subhash/.local/lib/python3.8/site-packages/wandb/vendor/gql-0.2.0/wandb_gql/client.py", line 60, in _get_result
    return self.transport.execute(document, *args, **kwargs)
  File "/home/subhash/.local/lib/python3.8/site-packages/wandb/sdk/lib/gql_request.py", line 55, in execute
    request = self.session.post(self.url, **post_args)
  File "/usr/lib/python3/dist-packages/requests/sessions.py", line 583, in post
    return self.request('POST', url, data=data, json=json, **kwargs)
  File "/usr/lib/python3/dist-packages/requests/sessions.py", line 535, in request
    resp = self.send(prep, **send_kwargs)
  File "/usr/lib/python3/dist-packages/requests/sessions.py", line 648, in send
    r = adapter.send(request, **kwargs)
  File "/usr/lib/python3/dist-packages/requests/adapters.py", line 516, in send
    raise ConnectionError(e, request=request)
requests.exceptions.ConnectionError: HTTPSConnectionPool(host='api.wandb.ai', port=443): Max retries exceeded with url: /graphql (Caused by NameResolutionError("<urllib3.connection.HTTPSConnection object at 0x7f54c41205e0>: Failed to resolve 'api.wandb.ai' ([Errno -3] Temporary failure in name resolution)"))
2023-08-01 23:58:02,793 DEBUG   HandlerThread:22253 [handler.py:handle_request():144] handle_request: poll_exit
2023-08-01 23:58:02,794 DEBUG   SenderThread:22253 [sender.py:send_request():406] send_request: poll_exit
2023-08-01 23:58:03,794 DEBUG   HandlerThread:22253 [handler.py:handle_request():144] handle_request: poll_exit
2023-08-01 23:58:03,795 DEBUG   SenderThread:22253 [sender.py:send_request():406] send_request: poll_exit
2023-08-01 23:58:04,518 INFO    wandb-upload_1:22253 [upload_job.py:push():131] Uploaded file /home/subhash/pytorch/wandb/run-20230801_235607-a175hpxc/files/output.log
2023-08-01 23:58:04,794 DEBUG   HandlerThread:22253 [handler.py:handle_request():144] handle_request: poll_exit
2023-08-01 23:58:04,795 DEBUG   SenderThread:22253 [sender.py:send_request():406] send_request: poll_exit
2023-08-01 23:58:04,823 INFO    wandb-upload_0:22253 [upload_job.py:push():131] Uploaded file /home/subhash/pytorch/wandb/run-20230801_235607-a175hpxc/files/config.yaml
2023-08-01 23:58:05,352 INFO    wandb-upload_3:22253 [upload_job.py:push():131] Uploaded file /home/subhash/pytorch/wandb/run-20230801_235607-a175hpxc/files/requirements.txt
2023-08-01 23:58:05,795 DEBUG   HandlerThread:22253 [handler.py:handle_request():144] handle_request: poll_exit
2023-08-01 23:58:05,796 DEBUG   SenderThread:22253 [sender.py:send_request():406] send_request: poll_exit
2023-08-01 23:58:05,797 DEBUG   HandlerThread:22253 [handler.py:handle_request():144] handle_request: status_report
2023-08-01 23:58:05,967 INFO    wandb-upload_2:22253 [upload_job.py:push():131] Uploaded file /home/subhash/pytorch/wandb/run-20230801_235607-a175hpxc/files/wandb-summary.json
2023-08-01 23:58:06,167 INFO    Thread-11 :22253 [sender.py:transition_state():612] send defer: 11
2023-08-01 23:58:06,168 DEBUG   HandlerThread:22253 [handler.py:handle_request():144] handle_request: defer
2023-08-01 23:58:06,168 INFO    HandlerThread:22253 [handler.py:handle_request_defer():170] handle defer: 11
2023-08-01 23:58:06,169 DEBUG   SenderThread:22253 [sender.py:send_request():406] send_request: defer
2023-08-01 23:58:06,169 INFO    SenderThread:22253 [sender.py:send_request_defer():608] handle sender defer: 11
2023-08-01 23:58:06,169 INFO    SenderThread:22253 [file_pusher.py:join():164] waiting for file pusher
2023-08-01 23:58:06,169 INFO    SenderThread:22253 [sender.py:transition_state():612] send defer: 12
2023-08-01 23:58:06,169 DEBUG   HandlerThread:22253 [handler.py:handle_request():144] handle_request: defer
2023-08-01 23:58:06,169 INFO    HandlerThread:22253 [handler.py:handle_request_defer():170] handle defer: 12
2023-08-01 23:58:06,170 DEBUG   SenderThread:22253 [sender.py:send_request():406] send_request: defer
2023-08-01 23:58:06,170 INFO    SenderThread:22253 [sender.py:send_request_defer():608] handle sender defer: 12
2023-08-01 23:58:06,796 DEBUG   HandlerThread:22253 [handler.py:handle_request():144] handle_request: poll_exit
2023-08-01 23:58:09,273 INFO    SenderThread:22253 [sender.py:transition_state():612] send defer: 13
2023-08-01 23:58:09,273 DEBUG   SenderThread:22253 [sender.py:send_request():406] send_request: poll_exit
2023-08-01 23:58:09,273 DEBUG   HandlerThread:22253 [handler.py:handle_request():144] handle_request: defer
2023-08-01 23:58:09,274 INFO    HandlerThread:22253 [handler.py:handle_request_defer():170] handle defer: 13
2023-08-01 23:58:09,274 DEBUG   SenderThread:22253 [sender.py:send_request():406] send_request: defer
2023-08-01 23:58:09,275 INFO    SenderThread:22253 [sender.py:send_request_defer():608] handle sender defer: 13
2023-08-01 23:58:09,275 INFO    SenderThread:22253 [sender.py:transition_state():612] send defer: 14
2023-08-01 23:58:09,275 DEBUG   HandlerThread:22253 [handler.py:handle_request():144] handle_request: defer
2023-08-01 23:58:09,276 INFO    HandlerThread:22253 [handler.py:handle_request_defer():170] handle defer: 14
2023-08-01 23:58:09,276 DEBUG   SenderThread:22253 [sender.py:send():379] send: final
2023-08-01 23:58:09,276 DEBUG   SenderThread:22253 [sender.py:send():379] send: footer
2023-08-01 23:58:09,277 DEBUG   SenderThread:22253 [sender.py:send_request():406] send_request: defer
2023-08-01 23:58:09,277 INFO    SenderThread:22253 [sender.py:send_request_defer():608] handle sender defer: 14
2023-08-01 23:58:09,278 DEBUG   HandlerThread:22253 [handler.py:handle_request():144] handle_request: poll_exit
2023-08-01 23:58:09,278 DEBUG   HandlerThread:22253 [handler.py:handle_request():144] handle_request: server_info
2023-08-01 23:58:09,278 DEBUG   HandlerThread:22253 [handler.py:handle_request():144] handle_request: get_summary
2023-08-01 23:58:09,278 DEBUG   SenderThread:22253 [sender.py:send_request():406] send_request: poll_exit
2023-08-01 23:58:09,278 DEBUG   HandlerThread:22253 [handler.py:handle_request():144] handle_request: sampled_history
2023-08-01 23:58:09,279 DEBUG   SenderThread:22253 [sender.py:send_request():406] send_request: server_info
2023-08-01 23:58:09,279 DEBUG   HandlerThread:22253 [handler.py:handle_request():144] handle_request: job_info
2023-08-01 23:58:10,100 DEBUG   SenderThread:22253 [sender.py:send_request():406] send_request: job_info
2023-08-01 23:58:10,101 DEBUG   HandlerThread:22253 [handler.py:handle_request():144] handle_request: shutdown
2023-08-01 23:58:10,101 INFO    HandlerThread:22253 [handler.py:finish():857] shutting down handler
2023-08-01 23:58:10,282 INFO    WriterThread:22253 [datastore.py:close():294] close: /home/subhash/pytorch/wandb/run-20230801_235607-a175hpxc/run-a175hpxc.wandb
2023-08-01 23:58:11,101 INFO    SenderThread:22253 [sender.py:finish():1552] shutting down sender
2023-08-01 23:58:11,101 INFO    SenderThread:22253 [file_pusher.py:finish():159] shutting down file pusher
2023-08-01 23:58:11,101 INFO    SenderThread:22253 [file_pusher.py:join():164] waiting for file pusher
